2022/02/14 21:52:14 [notice] 1#1: using the "epoll" event method
2022/02/14 21:52:14 [notice] 1#1: nginx/1.21.6
2022/02/14 21:52:14 [notice] 1#1: built by gcc 10.3.1 20211027 (Alpine 10.3.1_git20211027) 
2022/02/14 21:52:14 [notice] 1#1: OS: Linux 5.10.60.1-microsoft-standard-WSL2
2022/02/14 21:52:14 [notice] 1#1: getrlimit(RLIMIT_NOFILE): 1048576:1048576
2022/02/14 21:52:14 [notice] 32#32: start worker processes
2022/02/14 21:52:14 [notice] 32#32: start worker process 33
2022/02/14 21:55:54 [notice] 1#1: using the "epoll" event method
2022/02/14 21:55:54 [notice] 1#1: nginx/1.21.6
2022/02/14 21:55:54 [notice] 1#1: built by gcc 10.3.1 20211027 (Alpine 10.3.1_git20211027) 
2022/02/14 21:55:54 [notice] 1#1: OS: Linux 5.10.60.1-microsoft-standard-WSL2
2022/02/14 21:55:54 [notice] 1#1: getrlimit(RLIMIT_NOFILE): 1048576:1048576
2022/02/14 21:55:54 [notice] 31#31: start worker processes
2022/02/14 21:55:54 [notice] 31#31: start worker process 32
2022/02/14 21:59:18 [notice] 1#1: using the "epoll" event method
2022/02/14 21:59:18 [notice] 1#1: nginx/1.21.6
2022/02/14 21:59:18 [notice] 1#1: built by gcc 10.3.1 20211027 (Alpine 10.3.1_git20211027) 
2022/02/14 21:59:18 [notice] 1#1: OS: Linux 5.10.60.1-microsoft-standard-WSL2
2022/02/14 21:59:18 [notice] 1#1: getrlimit(RLIMIT_NOFILE): 1048576:1048576
2022/02/14 21:59:18 [notice] 31#31: start worker processes
2022/02/14 21:59:18 [notice] 31#31: start worker process 32
2022/02/14 22:05:23 [notice] 1#1: using the "epoll" event method
2022/02/14 22:05:23 [notice] 1#1: nginx/1.21.6
2022/02/14 22:05:23 [notice] 1#1: built by gcc 10.3.1 20211027 (Alpine 10.3.1_git20211027) 
2022/02/14 22:05:23 [notice] 1#1: OS: Linux 5.10.60.1-microsoft-standard-WSL2
2022/02/14 22:05:23 [notice] 1#1: getrlimit(RLIMIT_NOFILE): 1048576:1048576
2022/02/14 22:05:23 [notice] 32#32: start worker processes
2022/02/14 22:05:23 [notice] 32#32: start worker process 33
2022/02/14 22:10:05 [notice] 1#1: using the "epoll" event method
2022/02/14 22:10:05 [notice] 1#1: nginx/1.21.6
2022/02/14 22:10:05 [notice] 1#1: built by gcc 10.3.1 20211027 (Alpine 10.3.1_git20211027) 
2022/02/14 22:10:05 [notice] 1#1: OS: Linux 5.10.60.1-microsoft-standard-WSL2
2022/02/14 22:10:05 [notice] 1#1: getrlimit(RLIMIT_NOFILE): 1048576:1048576
2022/02/14 22:10:05 [notice] 1#1: start worker processes
2022/02/14 22:10:05 [notice] 1#1: start worker process 32
2022/02/14 22:10:05 [notice] 1#1: start worker process 33
2022/02/14 22:10:05 [notice] 1#1: start worker process 34
2022/02/14 22:10:05 [notice] 1#1: start worker process 35
2022/02/14 22:10:05 [notice] 1#1: start worker process 36
2022/02/14 22:10:05 [notice] 1#1: start worker process 37
2022/02/14 22:10:05 [notice] 1#1: start worker process 38
2022/02/14 22:10:05 [notice] 1#1: start worker process 39
2022/02/14 22:16:32 [notice] 1#1: signal 3 (SIGQUIT) received, shutting down
2022/02/14 22:16:32 [notice] 32#32: gracefully shutting down
2022/02/14 22:16:32 [notice] 34#34: gracefully shutting down
2022/02/14 22:16:32 [notice] 33#33: gracefully shutting down
2022/02/14 22:16:32 [notice] 35#35: gracefully shutting down
2022/02/14 22:16:32 [notice] 36#36: gracefully shutting down
2022/02/14 22:16:32 [notice] 37#37: gracefully shutting down
2022/02/14 22:16:32 [notice] 39#39: gracefully shutting down
2022/02/14 22:16:32 [notice] 38#38: gracefully shutting down
2022/02/14 22:16:32 [notice] 32#32: exiting
2022/02/14 22:16:32 [notice] 34#34: exiting
2022/02/14 22:16:32 [notice] 33#33: exiting
2022/02/14 22:16:32 [notice] 35#35: exiting
2022/02/14 22:16:32 [notice] 37#37: exiting
2022/02/14 22:16:32 [notice] 36#36: exiting
2022/02/14 22:16:32 [notice] 39#39: exiting
2022/02/14 22:16:32 [notice] 38#38: exiting
2022/02/14 22:16:32 [notice] 32#32: exit
2022/02/14 22:16:32 [notice] 34#34: exit
2022/02/14 22:16:32 [notice] 33#33: exit
2022/02/14 22:16:32 [notice] 35#35: exit
2022/02/14 22:16:32 [notice] 37#37: exit
2022/02/14 22:16:32 [notice] 36#36: exit
2022/02/14 22:16:32 [notice] 39#39: exit
2022/02/14 22:16:32 [notice] 38#38: exit
2022/02/14 22:16:33 [notice] 1#1: signal 17 (SIGCHLD) received from 36
2022/02/14 22:16:33 [notice] 1#1: worker process 36 exited with code 0
2022/02/14 22:16:33 [notice] 1#1: worker process 38 exited with code 0
2022/02/14 22:16:33 [notice] 1#1: signal 29 (SIGIO) received
2022/02/14 22:16:33 [notice] 1#1: signal 17 (SIGCHLD) received from 32
2022/02/14 22:16:33 [notice] 1#1: worker process 32 exited with code 0
2022/02/14 22:16:33 [notice] 1#1: signal 29 (SIGIO) received
2022/02/14 22:16:33 [notice] 1#1: signal 17 (SIGCHLD) received from 34
2022/02/14 22:16:33 [notice] 1#1: worker process 33 exited with code 0
2022/02/14 22:16:33 [notice] 1#1: worker process 34 exited with code 0
2022/02/14 22:16:33 [notice] 1#1: worker process 35 exited with code 0
2022/02/14 22:16:33 [notice] 1#1: worker process 37 exited with code 0
2022/02/14 22:16:33 [notice] 1#1: worker process 39 exited with code 0
2022/02/14 22:16:33 [notice] 1#1: exit
2022/02/14 22:16:35 [notice] 1#1: using the "epoll" event method
2022/02/14 22:16:35 [notice] 1#1: nginx/1.21.6
2022/02/14 22:16:35 [notice] 1#1: built by gcc 10.3.1 20211027 (Alpine 10.3.1_git20211027) 
2022/02/14 22:16:35 [notice] 1#1: OS: Linux 5.10.60.1-microsoft-standard-WSL2
2022/02/14 22:16:35 [notice] 1#1: getrlimit(RLIMIT_NOFILE): 1048576:1048576
2022/02/14 22:16:35 [notice] 1#1: start worker processes
2022/02/14 22:16:35 [notice] 1#1: start worker process 32
2022/02/14 22:16:35 [notice] 1#1: start worker process 33
2022/02/14 22:16:35 [notice] 1#1: start worker process 34
2022/02/14 22:16:35 [notice] 1#1: start worker process 35
2022/02/14 22:16:35 [notice] 1#1: start worker process 36
2022/02/14 22:16:35 [notice] 1#1: start worker process 37
2022/02/14 22:16:35 [notice] 1#1: start worker process 38
2022/02/14 22:16:35 [notice] 1#1: start worker process 39
2022/02/14 22:17:43 [notice] 1#1: signal 3 (SIGQUIT) received, shutting down
2022/02/14 22:17:43 [notice] 32#32: gracefully shutting down
2022/02/14 22:17:43 [notice] 33#33: gracefully shutting down
2022/02/14 22:17:43 [notice] 35#35: gracefully shutting down
2022/02/14 22:17:43 [notice] 35#35: exiting
2022/02/14 22:17:43 [notice] 34#34: gracefully shutting down
2022/02/14 22:17:43 [notice] 36#36: gracefully shutting down
2022/02/14 22:17:43 [notice] 37#37: gracefully shutting down
2022/02/14 22:17:43 [notice] 38#38: gracefully shutting down
2022/02/14 22:17:43 [notice] 39#39: gracefully shutting down
2022/02/14 22:17:43 [notice] 32#32: exiting
2022/02/14 22:17:43 [notice] 35#35: exit
2022/02/14 22:17:43 [notice] 34#34: exiting
2022/02/14 22:17:43 [notice] 36#36: exiting
2022/02/14 22:17:43 [notice] 37#37: exiting
2022/02/14 22:17:43 [notice] 38#38: exiting
2022/02/14 22:17:43 [notice] 39#39: exiting
2022/02/14 22:17:43 [notice] 32#32: exit
2022/02/14 22:17:43 [notice] 34#34: exit
2022/02/14 22:17:43 [notice] 36#36: exit
2022/02/14 22:17:43 [notice] 37#37: exit
2022/02/14 22:17:43 [notice] 38#38: exit
2022/02/14 22:17:43 [notice] 39#39: exit
2022/02/14 22:17:43 [notice] 1#1: signal 17 (SIGCHLD) received from 36
2022/02/14 22:17:43 [notice] 1#1: worker process 36 exited with code 0
2022/02/14 22:17:43 [notice] 1#1: signal 29 (SIGIO) received
2022/02/14 22:17:43 [notice] 1#1: signal 17 (SIGCHLD) received from 32
2022/02/14 22:17:43 [notice] 1#1: worker process 32 exited with code 0
2022/02/14 22:17:43 [notice] 1#1: worker process 35 exited with code 0
2022/02/14 22:17:43 [notice] 1#1: signal 29 (SIGIO) received
2022/02/14 22:17:43 [notice] 1#1: signal 17 (SIGCHLD) received from 37
2022/02/14 22:17:43 [notice] 1#1: worker process 37 exited with code 0
2022/02/14 22:17:43 [notice] 1#1: signal 29 (SIGIO) received
2022/02/14 22:17:43 [notice] 1#1: signal 17 (SIGCHLD) received from 39
2022/02/14 22:17:43 [notice] 1#1: worker process 39 exited with code 0
2022/02/14 22:17:43 [notice] 1#1: signal 29 (SIGIO) received
2022/02/14 22:17:43 [notice] 1#1: signal 17 (SIGCHLD) received from 34
2022/02/14 22:17:43 [notice] 1#1: worker process 34 exited with code 0
2022/02/14 22:17:43 [notice] 1#1: worker process 38 exited with code 0
2022/02/14 22:17:43 [notice] 1#1: signal 29 (SIGIO) received
2022/02/14 22:17:43 [notice] 1#1: signal 17 (SIGCHLD) received from 38
2022/02/14 22:17:47 [notice] 33#33: exiting
2022/02/14 22:17:47 [notice] 33#33: exit
2022/02/14 22:17:47 [notice] 1#1: signal 17 (SIGCHLD) received from 33
2022/02/14 22:17:47 [notice] 1#1: worker process 33 exited with code 0
2022/02/14 22:17:47 [notice] 1#1: exit
2022/02/14 22:17:52 [notice] 1#1: using the "epoll" event method
2022/02/14 22:17:52 [notice] 1#1: nginx/1.21.6
2022/02/14 22:17:52 [notice] 1#1: built by gcc 10.3.1 20211027 (Alpine 10.3.1_git20211027) 
2022/02/14 22:17:52 [notice] 1#1: OS: Linux 5.10.60.1-microsoft-standard-WSL2
2022/02/14 22:17:52 [notice] 1#1: getrlimit(RLIMIT_NOFILE): 1048576:1048576
2022/02/14 22:17:52 [notice] 1#1: start worker processes
2022/02/14 22:17:52 [notice] 1#1: start worker process 31
2022/02/14 22:17:52 [notice] 1#1: start worker process 32
2022/02/14 22:17:52 [notice] 1#1: start worker process 33
2022/02/14 22:17:52 [notice] 1#1: start worker process 34
2022/02/14 22:17:52 [notice] 1#1: start worker process 35
2022/02/14 22:17:52 [notice] 1#1: start worker process 36
2022/02/14 22:17:52 [notice] 1#1: start worker process 37
2022/02/14 22:17:52 [notice] 1#1: start worker process 38
2022/02/14 22:20:26 [notice] 1#1: signal 3 (SIGQUIT) received, shutting down
2022/02/14 22:20:26 [notice] 31#31: gracefully shutting down
2022/02/14 22:20:26 [notice] 34#34: gracefully shutting down
2022/02/14 22:20:26 [notice] 33#33: gracefully shutting down
2022/02/14 22:20:26 [notice] 32#32: gracefully shutting down
2022/02/14 22:20:26 [notice] 35#35: gracefully shutting down
2022/02/14 22:20:26 [notice] 36#36: gracefully shutting down
2022/02/14 22:20:26 [notice] 38#38: gracefully shutting down
2022/02/14 22:20:26 [notice] 37#37: gracefully shutting down
2022/02/14 22:20:26 [notice] 31#31: exiting
2022/02/14 22:20:26 [notice] 34#34: exiting
2022/02/14 22:20:26 [notice] 32#32: exiting
2022/02/14 22:20:26 [notice] 33#33: exiting
2022/02/14 22:20:26 [notice] 35#35: exiting
2022/02/14 22:20:26 [notice] 36#36: exiting
2022/02/14 22:20:26 [notice] 38#38: exiting
2022/02/14 22:20:26 [notice] 37#37: exiting
2022/02/14 22:20:26 [notice] 31#31: exit
2022/02/14 22:20:26 [notice] 34#34: exit
2022/02/14 22:20:26 [notice] 32#32: exit
2022/02/14 22:20:26 [notice] 33#33: exit
2022/02/14 22:20:26 [notice] 35#35: exit
2022/02/14 22:20:26 [notice] 36#36: exit
2022/02/14 22:20:26 [notice] 38#38: exit
2022/02/14 22:20:26 [notice] 37#37: exit
2022/02/14 22:20:26 [notice] 1#1: signal 17 (SIGCHLD) received from 35
2022/02/14 22:20:26 [notice] 1#1: worker process 35 exited with code 0
2022/02/14 22:20:26 [notice] 1#1: worker process 37 exited with code 0
2022/02/14 22:20:26 [notice] 1#1: signal 29 (SIGIO) received
2022/02/14 22:20:26 [notice] 1#1: signal 17 (SIGCHLD) received from 34
2022/02/14 22:20:26 [notice] 1#1: worker process 34 exited with code 0
2022/02/14 22:20:26 [notice] 1#1: signal 29 (SIGIO) received
2022/02/14 22:20:26 [notice] 1#1: signal 17 (SIGCHLD) received from 32
2022/02/14 22:20:26 [notice] 1#1: worker process 31 exited with code 0
2022/02/14 22:20:26 [notice] 1#1: worker process 32 exited with code 0
2022/02/14 22:20:26 [notice] 1#1: worker process 33 exited with code 0
2022/02/14 22:20:26 [notice] 1#1: worker process 36 exited with code 0
2022/02/14 22:20:26 [notice] 1#1: signal 29 (SIGIO) received
2022/02/14 22:20:26 [notice] 1#1: signal 17 (SIGCHLD) received from 33
2022/02/14 22:20:26 [notice] 1#1: signal 17 (SIGCHLD) received from 38
2022/02/14 22:20:26 [notice] 1#1: worker process 38 exited with code 0
2022/02/14 22:20:26 [notice] 1#1: exit
2022/02/14 22:20:28 [notice] 1#1: using the "epoll" event method
2022/02/14 22:20:28 [notice] 1#1: nginx/1.21.6
2022/02/14 22:20:28 [notice] 1#1: built by gcc 10.3.1 20211027 (Alpine 10.3.1_git20211027) 
2022/02/14 22:20:28 [notice] 1#1: OS: Linux 5.10.60.1-microsoft-standard-WSL2
2022/02/14 22:20:28 [notice] 1#1: getrlimit(RLIMIT_NOFILE): 1048576:1048576
2022/02/14 22:20:28 [notice] 1#1: start worker processes
2022/02/14 22:20:28 [notice] 1#1: start worker process 31
2022/02/14 22:20:28 [notice] 1#1: start worker process 32
2022/02/14 22:20:28 [notice] 1#1: start worker process 33
2022/02/14 22:20:28 [notice] 1#1: start worker process 34
2022/02/14 22:20:28 [notice] 1#1: start worker process 35
2022/02/14 22:20:28 [notice] 1#1: start worker process 36
2022/02/14 22:20:28 [notice] 1#1: start worker process 37
2022/02/14 22:20:28 [notice] 1#1: start worker process 38
2022/02/14 22:21:22 [notice] 1#1: signal 3 (SIGQUIT) received, shutting down
2022/02/14 22:21:22 [notice] 31#31: gracefully shutting down
2022/02/14 22:21:22 [notice] 32#32: gracefully shutting down
2022/02/14 22:21:22 [notice] 33#33: gracefully shutting down
2022/02/14 22:21:22 [notice] 36#36: gracefully shutting down
2022/02/14 22:21:22 [notice] 34#34: gracefully shutting down
2022/02/14 22:21:22 [notice] 35#35: gracefully shutting down
2022/02/14 22:21:22 [notice] 37#37: gracefully shutting down
2022/02/14 22:21:22 [notice] 38#38: gracefully shutting down
2022/02/14 22:21:22 [notice] 31#31: exiting
2022/02/14 22:21:22 [notice] 33#33: exiting
2022/02/14 22:21:22 [notice] 36#36: exiting
2022/02/14 22:21:22 [notice] 34#34: exiting
2022/02/14 22:21:22 [notice] 35#35: exiting
2022/02/14 22:21:22 [notice] 37#37: exiting
2022/02/14 22:21:22 [notice] 35#35: exit
2022/02/14 22:21:22 [notice] 38#38: exiting
2022/02/14 22:21:22 [notice] 31#31: exit
2022/02/14 22:21:22 [notice] 38#38: exit
2022/02/14 22:21:22 [notice] 33#33: exit
2022/02/14 22:21:22 [notice] 36#36: exit
2022/02/14 22:21:22 [notice] 34#34: exit
2022/02/14 22:21:22 [notice] 37#37: exit
2022/02/14 22:21:22 [notice] 1#1: signal 17 (SIGCHLD) received from 38
2022/02/14 22:21:22 [notice] 1#1: worker process 38 exited with code 0
2022/02/14 22:21:22 [notice] 1#1: signal 29 (SIGIO) received
2022/02/14 22:21:22 [notice] 1#1: signal 17 (SIGCHLD) received from 36
2022/02/14 22:21:22 [notice] 1#1: worker process 33 exited with code 0
2022/02/14 22:21:22 [notice] 1#1: worker process 36 exited with code 0
2022/02/14 22:21:22 [notice] 1#1: signal 29 (SIGIO) received
2022/02/14 22:21:22 [notice] 1#1: signal 17 (SIGCHLD) received from 35
2022/02/14 22:21:22 [notice] 1#1: worker process 35 exited with code 0
2022/02/14 22:21:22 [notice] 1#1: signal 29 (SIGIO) received
2022/02/14 22:21:22 [notice] 1#1: signal 17 (SIGCHLD) received from 37
2022/02/14 22:21:22 [notice] 1#1: worker process 37 exited with code 0
2022/02/14 22:21:22 [notice] 1#1: signal 29 (SIGIO) received
2022/02/14 22:21:22 [notice] 1#1: signal 17 (SIGCHLD) received from 31
2022/02/14 22:21:22 [notice] 1#1: worker process 31 exited with code 0
2022/02/14 22:21:22 [notice] 1#1: worker process 34 exited with code 0
2022/02/14 22:21:22 [notice] 1#1: signal 29 (SIGIO) received
2022/02/14 22:21:35 [notice] 1#1: using the "epoll" event method
2022/02/14 22:21:35 [notice] 1#1: nginx/1.21.6
2022/02/14 22:21:35 [notice] 1#1: built by gcc 10.3.1 20211027 (Alpine 10.3.1_git20211027) 
2022/02/14 22:21:35 [notice] 1#1: OS: Linux 5.10.60.1-microsoft-standard-WSL2
2022/02/14 22:21:35 [notice] 1#1: getrlimit(RLIMIT_NOFILE): 1048576:1048576
2022/02/14 22:21:35 [notice] 1#1: start worker processes
2022/02/14 22:21:35 [notice] 1#1: start worker process 32
2022/02/14 22:21:35 [notice] 1#1: start worker process 33
2022/02/14 22:21:35 [notice] 1#1: start worker process 34
2022/02/14 22:21:35 [notice] 1#1: start worker process 35
2022/02/14 22:21:35 [notice] 1#1: start worker process 36
2022/02/14 22:21:35 [notice] 1#1: start worker process 37
2022/02/14 22:21:35 [notice] 1#1: start worker process 38
2022/02/14 22:21:35 [notice] 1#1: start worker process 39
2022/02/14 22:24:13 [notice] 1#1: signal 3 (SIGQUIT) received, shutting down
2022/02/14 22:24:13 [notice] 32#32: gracefully shutting down
2022/02/14 22:24:13 [notice] 33#33: gracefully shutting down
2022/02/14 22:24:13 [notice] 35#35: gracefully shutting down
2022/02/14 22:24:13 [notice] 37#37: gracefully shutting down
2022/02/14 22:24:13 [notice] 36#36: gracefully shutting down
2022/02/14 22:24:13 [notice] 34#34: gracefully shutting down
2022/02/14 22:24:13 [notice] 38#38: gracefully shutting down
2022/02/14 22:24:13 [notice] 39#39: gracefully shutting down
2022/02/14 22:24:13 [notice] 32#32: exiting
2022/02/14 22:24:13 [notice] 33#33: exiting
2022/02/14 22:24:13 [notice] 35#35: exiting
2022/02/14 22:24:13 [notice] 37#37: exiting
2022/02/14 22:24:13 [notice] 36#36: exiting
2022/02/14 22:24:13 [notice] 34#34: exiting
2022/02/14 22:24:13 [notice] 38#38: exiting
2022/02/14 22:24:13 [notice] 39#39: exiting
2022/02/14 22:24:13 [notice] 32#32: exit
2022/02/14 22:24:13 [notice] 33#33: exit
2022/02/14 22:24:13 [notice] 35#35: exit
2022/02/14 22:24:13 [notice] 37#37: exit
2022/02/14 22:24:13 [notice] 36#36: exit
2022/02/14 22:24:13 [notice] 34#34: exit
2022/02/14 22:24:13 [notice] 38#38: exit
2022/02/14 22:24:13 [notice] 39#39: exit
2022/02/14 22:24:13 [notice] 1#1: signal 17 (SIGCHLD) received from 36
2022/02/14 22:24:13 [notice] 1#1: worker process 36 exited with code 0
2022/02/14 22:24:13 [notice] 1#1: signal 29 (SIGIO) received
2022/02/14 22:24:13 [notice] 1#1: signal 17 (SIGCHLD) received from 34
2022/02/14 22:24:13 [notice] 1#1: worker process 32 exited with code 0
2022/02/14 22:24:13 [notice] 1#1: worker process 33 exited with code 0
2022/02/14 22:24:13 [notice] 1#1: worker process 34 exited with code 0
2022/02/14 22:24:13 [notice] 1#1: worker process 35 exited with code 0
2022/02/14 22:24:13 [notice] 1#1: worker process 37 exited with code 0
2022/02/14 22:24:13 [notice] 1#1: worker process 38 exited with code 0
2022/02/14 22:24:13 [notice] 1#1: worker process 39 exited with code 0
2022/02/14 22:24:13 [notice] 1#1: exit
2022/02/14 22:24:17 [emerg] 1#1: unexpected "}" in /etc/nginx/conf.d/default.conf:29
2022/02/14 22:25:09 [emerg] 1#1: unexpected "}" in /etc/nginx/conf.d/default.conf:29
2022/02/14 22:26:23 [emerg] 1#1: unexpected "}" in /etc/nginx/conf.d/default.conf:29
2022/02/14 22:27:13 [notice] 1#1: using the "epoll" event method
2022/02/14 22:27:13 [notice] 1#1: nginx/1.21.6
2022/02/14 22:27:13 [notice] 1#1: built by gcc 10.3.1 20211027 (Alpine 10.3.1_git20211027) 
2022/02/14 22:27:13 [notice] 1#1: OS: Linux 5.10.60.1-microsoft-standard-WSL2
2022/02/14 22:27:13 [notice] 1#1: getrlimit(RLIMIT_NOFILE): 1048576:1048576
2022/02/14 22:27:13 [notice] 1#1: start worker processes
2022/02/14 22:27:13 [notice] 1#1: start worker process 32
2022/02/14 22:27:13 [notice] 1#1: start worker process 33
2022/02/14 22:27:13 [notice] 1#1: start worker process 34
2022/02/14 22:27:13 [notice] 1#1: start worker process 35
2022/02/14 22:27:13 [notice] 1#1: start worker process 36
2022/02/14 22:27:13 [notice] 1#1: start worker process 37
2022/02/14 22:27:13 [notice] 1#1: start worker process 38
2022/02/14 22:27:13 [notice] 1#1: start worker process 39
2022/02/14 22:32:45 [notice] 1#1: signal 3 (SIGQUIT) received, shutting down
2022/02/14 22:32:45 [notice] 33#33: gracefully shutting down
2022/02/14 22:32:45 [notice] 32#32: gracefully shutting down
2022/02/14 22:32:45 [notice] 33#33: exiting
2022/02/14 22:32:45 [notice] 34#34: gracefully shutting down
2022/02/14 22:32:45 [notice] 35#35: gracefully shutting down
2022/02/14 22:32:45 [notice] 36#36: gracefully shutting down
2022/02/14 22:32:45 [notice] 39#39: gracefully shutting down
2022/02/14 22:32:45 [notice] 37#37: gracefully shutting down
2022/02/14 22:32:45 [notice] 38#38: gracefully shutting down
2022/02/14 22:32:45 [notice] 32#32: exiting
2022/02/14 22:32:45 [notice] 33#33: exit
2022/02/14 22:32:45 [notice] 35#35: exiting
2022/02/14 22:32:45 [notice] 34#34: exiting
2022/02/14 22:32:45 [notice] 36#36: exiting
2022/02/14 22:32:45 [notice] 39#39: exiting
2022/02/14 22:32:45 [notice] 37#37: exiting
2022/02/14 22:32:45 [notice] 38#38: exiting
2022/02/14 22:32:45 [notice] 32#32: exit
2022/02/14 22:32:45 [notice] 35#35: exit
2022/02/14 22:32:45 [notice] 34#34: exit
2022/02/14 22:32:45 [notice] 36#36: exit
2022/02/14 22:32:45 [notice] 39#39: exit
2022/02/14 22:32:45 [notice] 37#37: exit
2022/02/14 22:32:45 [notice] 38#38: exit
2022/02/14 22:32:45 [notice] 1#1: signal 17 (SIGCHLD) received from 33
2022/02/14 22:32:45 [notice] 1#1: worker process 33 exited with code 0
2022/02/14 22:32:45 [notice] 1#1: worker process 36 exited with code 0
2022/02/14 22:32:45 [notice] 1#1: signal 29 (SIGIO) received
2022/02/14 22:32:45 [notice] 1#1: signal 17 (SIGCHLD) received from 38
2022/02/14 22:32:45 [notice] 1#1: worker process 34 exited with code 0
2022/02/14 22:32:45 [notice] 1#1: worker process 38 exited with code 0
2022/02/14 22:32:45 [notice] 1#1: signal 29 (SIGIO) received
2022/02/14 22:32:45 [notice] 1#1: signal 17 (SIGCHLD) received from 34
2022/02/14 22:32:45 [notice] 1#1: signal 17 (SIGCHLD) received from 37
2022/02/14 22:32:45 [notice] 1#1: worker process 35 exited with code 0
2022/02/14 22:32:45 [notice] 1#1: worker process 37 exited with code 0
2022/02/14 22:32:45 [notice] 1#1: signal 29 (SIGIO) received
2022/02/14 22:32:45 [notice] 1#1: signal 17 (SIGCHLD) received from 39
2022/02/14 22:32:45 [notice] 1#1: worker process 32 exited with code 0
2022/02/14 22:32:45 [notice] 1#1: worker process 39 exited with code 0
2022/02/14 22:32:45 [notice] 1#1: exit
2022/02/14 22:32:49 [notice] 1#1: using the "epoll" event method
2022/02/14 22:32:49 [notice] 1#1: nginx/1.21.6
2022/02/14 22:32:49 [notice] 1#1: built by gcc 10.3.1 20211027 (Alpine 10.3.1_git20211027) 
2022/02/14 22:32:49 [notice] 1#1: OS: Linux 5.10.60.1-microsoft-standard-WSL2
2022/02/14 22:32:49 [notice] 1#1: getrlimit(RLIMIT_NOFILE): 1048576:1048576
2022/02/14 22:32:49 [notice] 1#1: start worker processes
2022/02/14 22:32:49 [notice] 1#1: start worker process 31
2022/02/14 22:32:49 [notice] 1#1: start worker process 32
2022/02/14 22:32:49 [notice] 1#1: start worker process 33
2022/02/14 22:32:49 [notice] 1#1: start worker process 34
2022/02/14 22:32:49 [notice] 1#1: start worker process 35
2022/02/14 22:32:49 [notice] 1#1: start worker process 36
2022/02/14 22:32:49 [notice] 1#1: start worker process 37
2022/02/14 22:32:49 [notice] 1#1: start worker process 38
2022/02/14 22:40:40 [notice] 1#1: signal 3 (SIGQUIT) received, shutting down
2022/02/14 22:40:40 [notice] 32#32: gracefully shutting down
2022/02/14 22:40:40 [notice] 31#31: gracefully shutting down
2022/02/14 22:40:40 [notice] 33#33: gracefully shutting down
2022/02/14 22:40:40 [notice] 34#34: gracefully shutting down
2022/02/14 22:40:40 [notice] 38#38: gracefully shutting down
2022/02/14 22:40:40 [notice] 35#35: gracefully shutting down
2022/02/14 22:40:40 [notice] 37#37: gracefully shutting down
2022/02/14 22:40:40 [notice] 36#36: gracefully shutting down
2022/02/14 22:40:40 [notice] 32#32: exiting
2022/02/14 22:40:40 [notice] 31#31: exiting
2022/02/14 22:40:40 [notice] 33#33: exiting
2022/02/14 22:40:40 [notice] 34#34: exiting
2022/02/14 22:40:40 [notice] 38#38: exiting
2022/02/14 22:40:40 [notice] 34#34: exit
2022/02/14 22:40:40 [notice] 35#35: exiting
2022/02/14 22:40:40 [notice] 37#37: exiting
2022/02/14 22:40:40 [notice] 36#36: exiting
2022/02/14 22:40:40 [notice] 32#32: exit
2022/02/14 22:40:40 [notice] 31#31: exit
2022/02/14 22:40:40 [notice] 33#33: exit
2022/02/14 22:40:40 [notice] 38#38: exit
2022/02/14 22:40:40 [notice] 35#35: exit
2022/02/14 22:40:40 [notice] 37#37: exit
2022/02/14 22:40:40 [notice] 36#36: exit
2022/02/14 22:40:40 [notice] 1#1: signal 17 (SIGCHLD) received from 35
2022/02/14 22:40:40 [notice] 1#1: worker process 31 exited with code 0
2022/02/14 22:40:40 [notice] 1#1: worker process 32 exited with code 0
2022/02/14 22:40:40 [notice] 1#1: worker process 33 exited with code 0
2022/02/14 22:40:40 [notice] 1#1: worker process 34 exited with code 0
2022/02/14 22:40:40 [notice] 1#1: worker process 35 exited with code 0
2022/02/14 22:40:40 [notice] 1#1: worker process 36 exited with code 0
2022/02/14 22:40:40 [notice] 1#1: worker process 37 exited with code 0
2022/02/14 22:40:40 [notice] 1#1: worker process 38 exited with code 0
2022/02/14 22:40:40 [notice] 1#1: exit
2022/02/14 22:40:44 [notice] 1#1: using the "epoll" event method
2022/02/14 22:40:44 [notice] 1#1: nginx/1.21.6
2022/02/14 22:40:44 [notice] 1#1: built by gcc 10.3.1 20211027 (Alpine 10.3.1_git20211027) 
2022/02/14 22:40:44 [notice] 1#1: OS: Linux 5.10.60.1-microsoft-standard-WSL2
2022/02/14 22:40:44 [notice] 1#1: getrlimit(RLIMIT_NOFILE): 1048576:1048576
2022/02/14 22:40:44 [notice] 1#1: start worker processes
2022/02/14 22:40:44 [notice] 1#1: start worker process 32
2022/02/14 22:40:44 [notice] 1#1: start worker process 33
2022/02/14 22:40:44 [notice] 1#1: start worker process 34
2022/02/14 22:40:44 [notice] 1#1: start worker process 35
2022/02/14 22:40:44 [notice] 1#1: start worker process 36
2022/02/14 22:40:44 [notice] 1#1: start worker process 37
2022/02/14 22:40:44 [notice] 1#1: start worker process 38
2022/02/14 22:40:44 [notice] 1#1: start worker process 39
2022/02/14 22:43:19 [notice] 1#1: signal 3 (SIGQUIT) received, shutting down
2022/02/14 22:43:19 [notice] 32#32: gracefully shutting down
2022/02/14 22:43:19 [notice] 33#33: gracefully shutting down
2022/02/14 22:43:19 [notice] 34#34: gracefully shutting down
2022/02/14 22:43:19 [notice] 35#35: gracefully shutting down
2022/02/14 22:43:19 [notice] 36#36: gracefully shutting down
2022/02/14 22:43:19 [notice] 38#38: gracefully shutting down
2022/02/14 22:43:19 [notice] 37#37: gracefully shutting down
2022/02/14 22:43:19 [notice] 39#39: gracefully shutting down
2022/02/14 22:43:19 [notice] 32#32: exiting
2022/02/14 22:43:19 [notice] 33#33: exiting
2022/02/14 22:43:19 [notice] 34#34: exiting
2022/02/14 22:43:19 [notice] 36#36: exiting
2022/02/14 22:43:19 [notice] 38#38: exiting
2022/02/14 22:43:19 [notice] 37#37: exiting
2022/02/14 22:43:19 [notice] 39#39: exiting
2022/02/14 22:43:19 [notice] 32#32: exit
2022/02/14 22:43:19 [notice] 33#33: exit
2022/02/14 22:43:19 [notice] 34#34: exit
2022/02/14 22:43:19 [notice] 36#36: exit
2022/02/14 22:43:19 [notice] 38#38: exit
2022/02/14 22:43:19 [notice] 37#37: exit
2022/02/14 22:43:19 [notice] 39#39: exit
2022/02/14 22:43:19 [notice] 1#1: signal 17 (SIGCHLD) received from 37
2022/02/14 22:43:19 [notice] 1#1: worker process 34 exited with code 0
2022/02/14 22:43:19 [notice] 1#1: worker process 37 exited with code 0
2022/02/14 22:43:19 [notice] 1#1: signal 29 (SIGIO) received
2022/02/14 22:43:19 [notice] 1#1: signal 17 (SIGCHLD) received from 32
2022/02/14 22:43:19 [notice] 1#1: worker process 32 exited with code 0
2022/02/14 22:43:19 [notice] 1#1: worker process 36 exited with code 0
2022/02/14 22:43:19 [notice] 1#1: signal 29 (SIGIO) received
2022/02/14 22:43:19 [notice] 1#1: signal 17 (SIGCHLD) received from 33
2022/02/14 22:43:19 [notice] 1#1: worker process 33 exited with code 0
2022/02/14 22:43:19 [notice] 1#1: worker process 38 exited with code 0
2022/02/14 22:43:19 [notice] 1#1: worker process 39 exited with code 0
2022/02/14 22:43:19 [notice] 1#1: signal 29 (SIGIO) received
2022/02/14 22:43:19 [notice] 1#1: signal 17 (SIGCHLD) received from 38
2022/02/14 22:43:32 [notice] 1#1: using the "epoll" event method
2022/02/14 22:43:32 [notice] 1#1: nginx/1.21.6
2022/02/14 22:43:32 [notice] 1#1: built by gcc 10.3.1 20211027 (Alpine 10.3.1_git20211027) 
2022/02/14 22:43:32 [notice] 1#1: OS: Linux 5.10.60.1-microsoft-standard-WSL2
2022/02/14 22:43:32 [notice] 1#1: getrlimit(RLIMIT_NOFILE): 1048576:1048576
2022/02/14 22:43:32 [notice] 1#1: start worker processes
2022/02/14 22:43:32 [notice] 1#1: start worker process 31
2022/02/14 22:43:32 [notice] 1#1: start worker process 32
2022/02/14 22:43:32 [notice] 1#1: start worker process 33
2022/02/14 22:43:32 [notice] 1#1: start worker process 34
2022/02/14 22:43:32 [notice] 1#1: start worker process 35
2022/02/14 22:43:32 [notice] 1#1: start worker process 36
2022/02/14 22:43:32 [notice] 1#1: start worker process 37
2022/02/14 22:43:32 [notice] 1#1: start worker process 38
2022/02/14 23:01:19 [notice] 1#1: signal 3 (SIGQUIT) received, shutting down
2022/02/14 23:01:19 [notice] 33#33: gracefully shutting down
2022/02/14 23:01:19 [notice] 31#31: gracefully shutting down
2022/02/14 23:01:19 [notice] 32#32: gracefully shutting down
2022/02/14 23:01:19 [notice] 35#35: gracefully shutting down
2022/02/14 23:01:19 [notice] 34#34: gracefully shutting down
2022/02/14 23:01:19 [notice] 37#37: gracefully shutting down
2022/02/14 23:01:19 [notice] 36#36: gracefully shutting down
2022/02/14 23:01:19 [notice] 38#38: gracefully shutting down
2022/02/14 23:01:19 [notice] 33#33: exiting
2022/02/14 23:01:19 [notice] 31#31: exiting
2022/02/14 23:01:19 [notice] 32#32: exiting
2022/02/14 23:01:19 [notice] 35#35: exiting
2022/02/14 23:01:19 [notice] 34#34: exiting
2022/02/14 23:01:19 [notice] 37#37: exiting
2022/02/14 23:01:19 [notice] 36#36: exiting
2022/02/14 23:01:19 [notice] 38#38: exiting
2022/02/14 23:01:19 [notice] 33#33: exit
2022/02/14 23:01:19 [notice] 31#31: exit
2022/02/14 23:01:19 [notice] 32#32: exit
2022/02/14 23:01:19 [notice] 35#35: exit
2022/02/14 23:01:19 [notice] 34#34: exit
2022/02/14 23:01:19 [notice] 37#37: exit
2022/02/14 23:01:19 [notice] 36#36: exit
2022/02/14 23:01:19 [notice] 38#38: exit
2022/02/14 23:01:19 [notice] 1#1: signal 17 (SIGCHLD) received from 32
2022/02/14 23:01:19 [notice] 1#1: worker process 31 exited with code 0
2022/02/14 23:01:19 [notice] 1#1: worker process 32 exited with code 0
2022/02/14 23:01:19 [notice] 1#1: worker process 34 exited with code 0
2022/02/14 23:01:19 [notice] 1#1: worker process 35 exited with code 0
2022/02/14 23:01:19 [notice] 1#1: worker process 36 exited with code 0
2022/02/14 23:01:19 [notice] 1#1: worker process 38 exited with code 0
2022/02/14 23:01:19 [notice] 1#1: signal 29 (SIGIO) received
2022/02/14 23:01:19 [notice] 1#1: signal 17 (SIGCHLD) received from 38
2022/02/14 23:01:19 [notice] 1#1: signal 17 (SIGCHLD) received from 33
2022/02/14 23:01:19 [notice] 1#1: worker process 33 exited with code 0
2022/02/14 23:01:19 [notice] 1#1: worker process 37 exited with code 0
2022/02/14 23:01:19 [notice] 1#1: exit
2022/02/14 23:01:24 [notice] 1#1: using the "epoll" event method
2022/02/14 23:01:24 [notice] 1#1: nginx/1.21.6
2022/02/14 23:01:24 [notice] 1#1: built by gcc 10.3.1 20211027 (Alpine 10.3.1_git20211027) 
2022/02/14 23:01:24 [notice] 1#1: OS: Linux 5.10.60.1-microsoft-standard-WSL2
2022/02/14 23:01:24 [notice] 1#1: getrlimit(RLIMIT_NOFILE): 1048576:1048576
2022/02/14 23:01:24 [notice] 1#1: start worker processes
2022/02/14 23:01:24 [notice] 1#1: start worker process 31
2022/02/14 23:01:24 [notice] 1#1: start worker process 32
2022/02/14 23:01:24 [notice] 1#1: start worker process 33
2022/02/14 23:01:24 [notice] 1#1: start worker process 34
2022/02/14 23:01:24 [notice] 1#1: start worker process 35
2022/02/14 23:01:24 [notice] 1#1: start worker process 36
2022/02/14 23:01:24 [notice] 1#1: start worker process 37
2022/02/14 23:01:24 [notice] 1#1: start worker process 38
2022/02/14 23:02:49 [notice] 1#1: signal 3 (SIGQUIT) received, shutting down
2022/02/14 23:02:49 [notice] 31#31: gracefully shutting down
2022/02/14 23:02:49 [notice] 32#32: gracefully shutting down
2022/02/14 23:02:49 [notice] 34#34: gracefully shutting down
2022/02/14 23:02:49 [notice] 33#33: gracefully shutting down
2022/02/14 23:02:49 [notice] 34#34: exiting
2022/02/14 23:02:49 [notice] 36#36: gracefully shutting down
2022/02/14 23:02:49 [notice] 38#38: gracefully shutting down
2022/02/14 23:02:49 [notice] 35#35: gracefully shutting down
2022/02/14 23:02:49 [notice] 37#37: gracefully shutting down
2022/02/14 23:02:49 [notice] 31#31: exiting
2022/02/14 23:02:49 [notice] 34#34: exit
2022/02/14 23:02:49 [notice] 33#33: exiting
2022/02/14 23:02:49 [notice] 38#38: exiting
2022/02/14 23:02:49 [notice] 36#36: exiting
2022/02/14 23:02:49 [notice] 35#35: exiting
2022/02/14 23:02:49 [notice] 31#31: exit
2022/02/14 23:02:49 [notice] 37#37: exiting
2022/02/14 23:02:49 [notice] 33#33: exit
2022/02/14 23:02:49 [notice] 38#38: exit
2022/02/14 23:02:49 [notice] 36#36: exit
2022/02/14 23:02:49 [notice] 35#35: exit
2022/02/14 23:02:49 [notice] 37#37: exit
2022/02/14 23:02:49 [notice] 1#1: signal 17 (SIGCHLD) received from 34
2022/02/14 23:02:49 [notice] 1#1: worker process 34 exited with code 0
2022/02/14 23:02:49 [notice] 1#1: worker process 37 exited with code 0
2022/02/14 23:02:49 [notice] 1#1: signal 29 (SIGIO) received
2022/02/14 23:02:49 [notice] 1#1: signal 17 (SIGCHLD) received from 37
2022/02/14 23:02:49 [notice] 1#1: signal 17 (SIGCHLD) received from 38
2022/02/14 23:02:49 [notice] 1#1: worker process 38 exited with code 0
2022/02/14 23:02:49 [notice] 1#1: signal 29 (SIGIO) received
2022/02/14 23:02:49 [notice] 1#1: signal 17 (SIGCHLD) received from 35
2022/02/14 23:02:49 [notice] 1#1: worker process 35 exited with code 0
2022/02/14 23:02:49 [notice] 1#1: signal 29 (SIGIO) received
2022/02/14 23:02:50 [notice] 1#1: signal 17 (SIGCHLD) received from 36
2022/02/14 23:02:50 [notice] 1#1: worker process 31 exited with code 0
2022/02/14 23:02:50 [notice] 1#1: worker process 33 exited with code 0
2022/02/14 23:02:50 [notice] 1#1: worker process 36 exited with code 0
2022/02/14 23:02:50 [notice] 1#1: signal 29 (SIGIO) received
2022/02/14 23:03:34 [emerg] 1#1: invalid number of arguments in "root" directive in /etc/nginx/conf.d/default.conf:7
2022/02/14 23:04:39 [emerg] 1#1: invalid number of arguments in "root" directive in /etc/nginx/conf.d/default.conf:7
2022/02/14 23:06:10 [emerg] 1#1: invalid number of arguments in "root" directive in /etc/nginx/conf.d/default.conf:7
2022/02/14 23:09:05 [emerg] 1#1: invalid number of arguments in "root" directive in /etc/nginx/conf.d/default.conf:7
2022/02/14 23:09:30 [emerg] 1#1: invalid number of arguments in "root" directive in /etc/nginx/conf.d/default.conf:7
2022/02/14 23:09:40 [emerg] 1#1: invalid number of arguments in "root" directive in /etc/nginx/conf.d/default.conf:7
2022/02/14 23:10:26 [notice] 1#1: using the "epoll" event method
2022/02/14 23:10:26 [notice] 1#1: nginx/1.21.6
2022/02/14 23:10:26 [notice] 1#1: built by gcc 10.3.1 20211027 (Alpine 10.3.1_git20211027) 
2022/02/14 23:10:26 [notice] 1#1: OS: Linux 5.10.60.1-microsoft-standard-WSL2
2022/02/14 23:10:26 [notice] 1#1: getrlimit(RLIMIT_NOFILE): 1048576:1048576
2022/02/14 23:10:26 [notice] 1#1: start worker processes
2022/02/14 23:10:26 [notice] 1#1: start worker process 31
2022/02/14 23:10:26 [notice] 1#1: start worker process 32
2022/02/14 23:10:26 [notice] 1#1: start worker process 33
2022/02/14 23:10:26 [notice] 1#1: start worker process 34
2022/02/14 23:10:26 [notice] 1#1: start worker process 35
2022/02/14 23:10:26 [notice] 1#1: start worker process 36
2022/02/14 23:10:26 [notice] 1#1: start worker process 37
2022/02/14 23:10:26 [notice] 1#1: start worker process 38
2022/02/14 23:13:46 [notice] 1#1: signal 3 (SIGQUIT) received, shutting down
2022/02/14 23:13:46 [notice] 31#31: gracefully shutting down
2022/02/14 23:13:46 [notice] 33#33: gracefully shutting down
2022/02/14 23:13:46 [notice] 32#32: gracefully shutting down
2022/02/14 23:13:46 [notice] 34#34: gracefully shutting down
2022/02/14 23:13:46 [notice] 36#36: gracefully shutting down
2022/02/14 23:13:46 [notice] 35#35: gracefully shutting down
2022/02/14 23:13:46 [notice] 37#37: gracefully shutting down
2022/02/14 23:13:46 [notice] 38#38: gracefully shutting down
2022/02/14 23:13:46 [notice] 31#31: exiting
2022/02/14 23:13:46 [notice] 33#33: exiting
2022/02/14 23:13:46 [notice] 32#32: exiting
2022/02/14 23:13:46 [notice] 34#34: exiting
2022/02/14 23:13:46 [notice] 36#36: exiting
2022/02/14 23:13:46 [notice] 35#35: exiting
2022/02/14 23:13:46 [notice] 37#37: exiting
2022/02/14 23:13:46 [notice] 38#38: exiting
2022/02/14 23:13:46 [notice] 31#31: exit
2022/02/14 23:13:46 [notice] 33#33: exit
2022/02/14 23:13:46 [notice] 32#32: exit
2022/02/14 23:13:46 [notice] 34#34: exit
2022/02/14 23:13:46 [notice] 36#36: exit
2022/02/14 23:13:46 [notice] 35#35: exit
2022/02/14 23:13:46 [notice] 37#37: exit
2022/02/14 23:13:46 [notice] 38#38: exit
2022/02/14 23:13:46 [notice] 1#1: signal 17 (SIGCHLD) received from 31
2022/02/14 23:13:46 [notice] 1#1: worker process 31 exited with code 0
2022/02/14 23:13:46 [notice] 1#1: signal 29 (SIGIO) received
2022/02/14 23:13:46 [notice] 1#1: signal 17 (SIGCHLD) received from 36
2022/02/14 23:13:46 [notice] 1#1: worker process 32 exited with code 0
2022/02/14 23:13:46 [notice] 1#1: worker process 36 exited with code 0
2022/02/14 23:13:46 [notice] 1#1: signal 29 (SIGIO) received
2022/02/14 23:13:46 [notice] 1#1: signal 17 (SIGCHLD) received from 34
2022/02/14 23:13:46 [notice] 1#1: worker process 34 exited with code 0
2022/02/14 23:13:46 [notice] 1#1: worker process 37 exited with code 0
2022/02/14 23:13:46 [notice] 1#1: signal 29 (SIGIO) received
2022/02/14 23:13:46 [notice] 1#1: signal 17 (SIGCHLD) received from 37
2022/02/14 23:13:46 [notice] 1#1: signal 17 (SIGCHLD) received from 35
2022/02/14 23:13:46 [notice] 1#1: worker process 35 exited with code 0
2022/02/14 23:13:46 [notice] 1#1: worker process 38 exited with code 0
2022/02/14 23:13:46 [notice] 1#1: signal 29 (SIGIO) received
2022/02/14 23:13:46 [notice] 1#1: signal 17 (SIGCHLD) received from 33
2022/02/14 23:13:46 [notice] 1#1: worker process 33 exited with code 0
2022/02/14 23:13:46 [notice] 1#1: exit
2022/02/14 23:13:51 [notice] 1#1: using the "epoll" event method
2022/02/14 23:13:51 [notice] 1#1: nginx/1.21.6
2022/02/14 23:13:51 [notice] 1#1: built by gcc 10.3.1 20211027 (Alpine 10.3.1_git20211027) 
2022/02/14 23:13:51 [notice] 1#1: OS: Linux 5.10.60.1-microsoft-standard-WSL2
2022/02/14 23:13:51 [notice] 1#1: getrlimit(RLIMIT_NOFILE): 1048576:1048576
2022/02/14 23:13:51 [notice] 1#1: start worker processes
2022/02/14 23:13:51 [notice] 1#1: start worker process 32
2022/02/14 23:13:51 [notice] 1#1: start worker process 33
2022/02/14 23:13:51 [notice] 1#1: start worker process 34
2022/02/14 23:13:51 [notice] 1#1: start worker process 35
2022/02/14 23:13:51 [notice] 1#1: start worker process 36
2022/02/14 23:13:51 [notice] 1#1: start worker process 37
2022/02/14 23:13:51 [notice] 1#1: start worker process 38
2022/02/14 23:13:51 [notice] 1#1: start worker process 39
2022/02/14 23:16:25 [notice] 1#1: signal 3 (SIGQUIT) received, shutting down
2022/02/14 23:16:25 [notice] 32#32: gracefully shutting down
2022/02/14 23:16:25 [notice] 33#33: gracefully shutting down
2022/02/14 23:16:25 [notice] 34#34: gracefully shutting down
2022/02/14 23:16:25 [notice] 35#35: gracefully shutting down
2022/02/14 23:16:25 [notice] 36#36: gracefully shutting down
2022/02/14 23:16:25 [notice] 37#37: gracefully shutting down
2022/02/14 23:16:25 [notice] 39#39: gracefully shutting down
2022/02/14 23:16:25 [notice] 38#38: gracefully shutting down
2022/02/14 23:16:25 [notice] 32#32: exiting
2022/02/14 23:16:25 [notice] 33#33: exiting
2022/02/14 23:16:25 [notice] 32#32: exit
2022/02/14 23:16:25 [notice] 34#34: exiting
2022/02/14 23:16:25 [notice] 35#35: exiting
2022/02/14 23:16:25 [notice] 36#36: exiting
2022/02/14 23:16:25 [notice] 37#37: exiting
2022/02/14 23:16:25 [notice] 39#39: exiting
2022/02/14 23:16:25 [notice] 38#38: exiting
2022/02/14 23:16:25 [notice] 33#33: exit
2022/02/14 23:16:25 [notice] 38#38: exit
2022/02/14 23:16:25 [notice] 34#34: exit
2022/02/14 23:16:25 [notice] 35#35: exit
2022/02/14 23:16:25 [notice] 36#36: exit
2022/02/14 23:16:25 [notice] 37#37: exit
2022/02/14 23:16:25 [notice] 39#39: exit
2022/02/14 23:16:25 [notice] 1#1: signal 17 (SIGCHLD) received from 34
2022/02/14 23:16:25 [notice] 1#1: worker process 33 exited with code 0
2022/02/14 23:16:25 [notice] 1#1: worker process 34 exited with code 0
2022/02/14 23:16:25 [notice] 1#1: signal 29 (SIGIO) received
2022/02/14 23:16:25 [notice] 1#1: signal 17 (SIGCHLD) received from 36
2022/02/14 23:16:25 [notice] 1#1: worker process 32 exited with code 0
2022/02/14 23:16:25 [notice] 1#1: worker process 35 exited with code 0
2022/02/14 23:16:25 [notice] 1#1: worker process 36 exited with code 0
2022/02/14 23:16:25 [notice] 1#1: worker process 38 exited with code 0
2022/02/14 23:16:25 [notice] 1#1: worker process 39 exited with code 0
2022/02/14 23:16:25 [notice] 1#1: signal 29 (SIGIO) received
2022/02/14 23:16:25 [notice] 1#1: signal 17 (SIGCHLD) received from 32
2022/02/14 23:16:26 [notice] 1#1: signal 17 (SIGCHLD) received from 37
2022/02/14 23:16:26 [notice] 1#1: worker process 37 exited with code 0
2022/02/14 23:16:26 [notice] 1#1: exit
2022/02/14 23:16:29 [notice] 1#1: using the "epoll" event method
2022/02/14 23:16:29 [notice] 1#1: nginx/1.21.6
2022/02/14 23:16:29 [notice] 1#1: built by gcc 10.3.1 20211027 (Alpine 10.3.1_git20211027) 
2022/02/14 23:16:29 [notice] 1#1: OS: Linux 5.10.60.1-microsoft-standard-WSL2
2022/02/14 23:16:29 [notice] 1#1: getrlimit(RLIMIT_NOFILE): 1048576:1048576
2022/02/14 23:16:29 [notice] 1#1: start worker processes
2022/02/14 23:16:29 [notice] 1#1: start worker process 33
2022/02/14 23:16:29 [notice] 1#1: start worker process 34
2022/02/14 23:16:29 [notice] 1#1: start worker process 35
2022/02/14 23:16:29 [notice] 1#1: start worker process 36
2022/02/14 23:16:29 [notice] 1#1: start worker process 37
2022/02/14 23:16:29 [notice] 1#1: start worker process 38
2022/02/14 23:16:29 [notice] 1#1: start worker process 39
2022/02/14 23:16:29 [notice] 1#1: start worker process 40
2022/02/14 23:18:50 [notice] 1#1: signal 3 (SIGQUIT) received, shutting down
2022/02/14 23:18:50 [notice] 33#33: gracefully shutting down
2022/02/14 23:18:50 [notice] 34#34: gracefully shutting down
2022/02/14 23:18:50 [notice] 33#33: exiting
2022/02/14 23:18:50 [notice] 35#35: gracefully shutting down
2022/02/14 23:18:50 [notice] 36#36: gracefully shutting down
2022/02/14 23:18:50 [notice] 37#37: gracefully shutting down
2022/02/14 23:18:50 [notice] 39#39: gracefully shutting down
2022/02/14 23:18:50 [notice] 38#38: gracefully shutting down
2022/02/14 23:18:50 [notice] 40#40: gracefully shutting down
2022/02/14 23:18:50 [notice] 34#34: exiting
2022/02/14 23:18:50 [notice] 33#33: exit
2022/02/14 23:18:50 [notice] 36#36: exiting
2022/02/14 23:18:50 [notice] 37#37: exiting
2022/02/14 23:18:50 [notice] 39#39: exiting
2022/02/14 23:18:50 [notice] 38#38: exiting
2022/02/14 23:18:50 [notice] 40#40: exiting
2022/02/14 23:18:50 [notice] 34#34: exit
2022/02/14 23:18:50 [notice] 36#36: exit
2022/02/14 23:18:50 [notice] 37#37: exit
2022/02/14 23:18:50 [notice] 39#39: exit
2022/02/14 23:18:50 [notice] 38#38: exit
2022/02/14 23:18:50 [notice] 40#40: exit
2022/02/14 23:18:50 [notice] 1#1: signal 17 (SIGCHLD) received from 38
2022/02/14 23:18:50 [notice] 1#1: worker process 38 exited with code 0
2022/02/14 23:18:50 [notice] 1#1: signal 29 (SIGIO) received
2022/02/14 23:18:50 [notice] 1#1: signal 17 (SIGCHLD) received from 34
2022/02/14 23:18:50 [notice] 1#1: worker process 33 exited with code 0
2022/02/14 23:18:50 [notice] 1#1: worker process 34 exited with code 0
2022/02/14 23:18:50 [notice] 1#1: worker process 36 exited with code 0
2022/02/14 23:18:50 [notice] 1#1: worker process 37 exited with code 0
2022/02/14 23:18:50 [notice] 1#1: worker process 39 exited with code 0
2022/02/14 23:18:50 [notice] 1#1: worker process 40 exited with code 0
2022/02/14 23:18:50 [notice] 1#1: signal 29 (SIGIO) received
2022/02/14 23:18:50 [notice] 1#1: signal 17 (SIGCHLD) received from 36
2022/02/14 23:19:02 [notice] 1#1: using the "epoll" event method
2022/02/14 23:19:02 [notice] 1#1: nginx/1.21.6
2022/02/14 23:19:02 [notice] 1#1: built by gcc 10.3.1 20211027 (Alpine 10.3.1_git20211027) 
2022/02/14 23:19:02 [notice] 1#1: OS: Linux 5.10.60.1-microsoft-standard-WSL2
2022/02/14 23:19:02 [notice] 1#1: getrlimit(RLIMIT_NOFILE): 1048576:1048576
2022/02/14 23:19:02 [notice] 1#1: start worker processes
2022/02/14 23:19:02 [notice] 1#1: start worker process 33
2022/02/14 23:19:02 [notice] 1#1: start worker process 34
2022/02/14 23:19:02 [notice] 1#1: start worker process 35
2022/02/14 23:19:02 [notice] 1#1: start worker process 36
2022/02/14 23:19:02 [notice] 1#1: start worker process 37
2022/02/14 23:19:02 [notice] 1#1: start worker process 38
2022/02/14 23:19:02 [notice] 1#1: start worker process 39
2022/02/14 23:19:02 [notice] 1#1: start worker process 40
2022/02/14 23:22:26 [error] 34#34: *3 open() "/usr/share/nginx/html/index" failed (2: No such file or directory), client: 172.19.0.1, server: localhost, request: "GET /index HTTP/1.1", host: "localhost:8888"
2022/02/14 23:22:32 [error] 34#34: *3 open() "/usr/share/nginx/html/login" failed (2: No such file or directory), client: 172.19.0.1, server: localhost, request: "GET /login HTTP/1.1", host: "localhost:8888"
2022/02/14 23:24:24 [error] 36#36: *5 open() "/usr/share/nginx/html/login" failed (2: No such file or directory), client: 172.19.0.1, server: localhost, request: "GET /login HTTP/1.1", host: "localhost:8888"
2022/02/14 23:24:25 [error] 36#36: *5 open() "/usr/share/nginx/html/favicon.ico" failed (2: No such file or directory), client: 172.19.0.1, server: localhost, request: "GET /favicon.ico HTTP/1.1", host: "localhost:8888", referrer: "http://localhost:8888/login"
2022/02/14 23:24:31 [error] 36#36: *5 open() "/usr/share/nginx/html/index" failed (2: No such file or directory), client: 172.19.0.1, server: localhost, request: "GET /index HTTP/1.1", host: "localhost:8888"
2022/02/14 23:26:33 [error] 38#38: *7 open() "/usr/share/nginx/html/index" failed (2: No such file or directory), client: 172.19.0.1, server: localhost, request: "GET /index HTTP/1.1", host: "localhost:8888"
2022/02/14 23:26:43 [error] 38#38: *7 open() "/usr/share/nginx/html/projectInfra" failed (2: No such file or directory), client: 172.19.0.1, server: localhost, request: "GET /projectInfra HTTP/1.1", host: "localhost:8888"
2022/02/14 23:26:48 [error] 38#38: *7 open() "/usr/share/nginx/html/projectInfra/public" failed (2: No such file or directory), client: 172.19.0.1, server: localhost, request: "GET /projectInfra/public HTTP/1.1", host: "localhost:8888"
2022/02/14 23:30:11 [notice] 1#1: signal 3 (SIGQUIT) received, shutting down
2022/02/14 23:30:11 [notice] 33#33: gracefully shutting down
2022/02/14 23:30:11 [notice] 36#36: gracefully shutting down
2022/02/14 23:30:11 [notice] 38#38: gracefully shutting down
2022/02/14 23:30:11 [notice] 37#37: gracefully shutting down
2022/02/14 23:30:11 [notice] 35#35: gracefully shutting down
2022/02/14 23:30:11 [notice] 39#39: gracefully shutting down
2022/02/14 23:30:11 [notice] 35#35: exiting
2022/02/14 23:30:11 [notice] 40#40: gracefully shutting down
2022/02/14 23:30:11 [notice] 34#34: gracefully shutting down
2022/02/14 23:30:11 [notice] 33#33: exiting
2022/02/14 23:30:11 [notice] 36#36: exiting
2022/02/14 23:30:11 [notice] 38#38: exiting
2022/02/14 23:30:11 [notice] 36#36: exit
2022/02/14 23:30:11 [notice] 37#37: exiting
2022/02/14 23:30:11 [notice] 39#39: exiting
2022/02/14 23:30:11 [notice] 35#35: exit
2022/02/14 23:30:11 [notice] 40#40: exiting
2022/02/14 23:30:11 [notice] 34#34: exiting
2022/02/14 23:30:11 [notice] 33#33: exit
2022/02/14 23:30:11 [notice] 38#38: exit
2022/02/14 23:30:11 [notice] 37#37: exit
2022/02/14 23:30:11 [notice] 39#39: exit
2022/02/14 23:30:11 [notice] 40#40: exit
2022/02/14 23:30:11 [notice] 34#34: exit
2022/02/14 23:30:12 [notice] 1#1: signal 17 (SIGCHLD) received from 39
2022/02/14 23:30:12 [notice] 1#1: worker process 33 exited with code 0
2022/02/14 23:30:12 [notice] 1#1: worker process 39 exited with code 0
2022/02/14 23:30:12 [notice] 1#1: signal 29 (SIGIO) received
2022/02/14 23:30:12 [notice] 1#1: signal 17 (SIGCHLD) received from 33
2022/02/14 23:30:12 [notice] 1#1: signal 17 (SIGCHLD) received from 37
2022/02/14 23:30:12 [notice] 1#1: worker process 37 exited with code 0
2022/02/14 23:30:12 [notice] 1#1: signal 29 (SIGIO) received
2022/02/14 23:30:12 [notice] 1#1: signal 17 (SIGCHLD) received from 34
2022/02/14 23:30:12 [notice] 1#1: worker process 34 exited with code 0
2022/02/14 23:30:12 [notice] 1#1: worker process 36 exited with code 0
2022/02/14 23:30:12 [notice] 1#1: worker process 40 exited with code 0
2022/02/14 23:30:12 [notice] 1#1: signal 29 (SIGIO) received
2022/02/14 23:30:12 [notice] 1#1: signal 17 (SIGCHLD) received from 36
2022/02/14 23:30:12 [notice] 1#1: signal 17 (SIGCHLD) received from 35
2022/02/14 23:30:12 [notice] 1#1: worker process 35 exited with code 0
2022/02/14 23:30:12 [notice] 1#1: worker process 38 exited with code 0
2022/02/14 23:30:12 [notice] 1#1: exit
2022/02/14 23:30:15 [notice] 1#1: using the "epoll" event method
2022/02/14 23:30:15 [notice] 1#1: nginx/1.21.6
2022/02/14 23:30:15 [notice] 1#1: built by gcc 10.3.1 20211027 (Alpine 10.3.1_git20211027) 
2022/02/14 23:30:15 [notice] 1#1: OS: Linux 5.10.60.1-microsoft-standard-WSL2
2022/02/14 23:30:15 [notice] 1#1: getrlimit(RLIMIT_NOFILE): 1048576:1048576
2022/02/14 23:30:15 [notice] 1#1: start worker processes
2022/02/14 23:30:15 [notice] 1#1: start worker process 33
2022/02/14 23:30:15 [notice] 1#1: start worker process 34
2022/02/14 23:30:15 [notice] 1#1: start worker process 35
2022/02/14 23:30:15 [notice] 1#1: start worker process 36
2022/02/14 23:30:15 [notice] 1#1: start worker process 37
2022/02/14 23:30:15 [notice] 1#1: start worker process 38
2022/02/14 23:30:15 [notice] 1#1: start worker process 39
2022/02/14 23:30:15 [notice] 1#1: start worker process 40
2022/02/14 23:30:25 [error] 33#33: *1 open() "/usr/share/nginx/html/index" failed (2: No such file or directory), client: 172.19.0.1, server: localhost, request: "GET /index HTTP/1.1", host: "localhost:8888"
2022/02/14 23:37:27 [notice] 1#1: signal 3 (SIGQUIT) received, shutting down
2022/02/14 23:37:27 [notice] 34#34: gracefully shutting down
2022/02/14 23:37:27 [notice] 35#35: gracefully shutting down
2022/02/14 23:37:27 [notice] 33#33: gracefully shutting down
2022/02/14 23:37:27 [notice] 36#36: gracefully shutting down
2022/02/14 23:37:27 [notice] 38#38: gracefully shutting down
2022/02/14 23:37:27 [notice] 39#39: gracefully shutting down
2022/02/14 23:37:27 [notice] 40#40: gracefully shutting down
2022/02/14 23:37:27 [notice] 37#37: gracefully shutting down
2022/02/14 23:37:27 [notice] 34#34: exiting
2022/02/14 23:37:27 [notice] 35#35: exiting
2022/02/14 23:37:27 [notice] 33#33: exiting
2022/02/14 23:37:27 [notice] 36#36: exiting
2022/02/14 23:37:27 [notice] 38#38: exiting
2022/02/14 23:37:27 [notice] 39#39: exiting
2022/02/14 23:37:27 [notice] 40#40: exiting
2022/02/14 23:37:27 [notice] 37#37: exiting
2022/02/14 23:37:27 [notice] 34#34: exit
2022/02/14 23:37:27 [notice] 35#35: exit
2022/02/14 23:37:27 [notice] 33#33: exit
2022/02/14 23:37:27 [notice] 36#36: exit
2022/02/14 23:37:27 [notice] 38#38: exit
2022/02/14 23:37:27 [notice] 39#39: exit
2022/02/14 23:37:27 [notice] 40#40: exit
2022/02/14 23:37:27 [notice] 37#37: exit
2022/02/14 23:37:27 [notice] 1#1: signal 17 (SIGCHLD) received from 35
2022/02/14 23:37:27 [notice] 1#1: worker process 33 exited with code 0
2022/02/14 23:37:27 [notice] 1#1: worker process 34 exited with code 0
2022/02/14 23:37:27 [notice] 1#1: worker process 35 exited with code 0
2022/02/14 23:37:27 [notice] 1#1: worker process 36 exited with code 0
2022/02/14 23:37:27 [notice] 1#1: worker process 37 exited with code 0
2022/02/14 23:37:27 [notice] 1#1: worker process 38 exited with code 0
2022/02/14 23:37:27 [notice] 1#1: worker process 39 exited with code 0
2022/02/14 23:37:27 [notice] 1#1: worker process 40 exited with code 0
2022/02/14 23:37:27 [notice] 1#1: exit
2022/02/14 23:37:31 [notice] 1#1: using the "epoll" event method
2022/02/14 23:37:31 [notice] 1#1: nginx/1.21.6
2022/02/14 23:37:31 [notice] 1#1: built by gcc 10.3.1 20211027 (Alpine 10.3.1_git20211027) 
2022/02/14 23:37:31 [notice] 1#1: OS: Linux 5.10.60.1-microsoft-standard-WSL2
2022/02/14 23:37:31 [notice] 1#1: getrlimit(RLIMIT_NOFILE): 1048576:1048576
2022/02/14 23:37:31 [notice] 1#1: start worker processes
2022/02/14 23:37:31 [notice] 1#1: start worker process 33
2022/02/14 23:37:31 [notice] 1#1: start worker process 34
2022/02/14 23:37:31 [notice] 1#1: start worker process 35
2022/02/14 23:37:31 [notice] 1#1: start worker process 36
2022/02/14 23:37:31 [notice] 1#1: start worker process 37
2022/02/14 23:37:31 [notice] 1#1: start worker process 38
2022/02/14 23:37:31 [notice] 1#1: start worker process 39
2022/02/14 23:37:31 [notice] 1#1: start worker process 40
2022/02/14 23:37:49 [error] 33#33: *1 open() "/usr/share/nginx/html/index" failed (2: No such file or directory), client: 172.19.0.1, server: localhost, request: "GET /index HTTP/1.1", host: "localhost:8888"
2022/02/14 23:39:18 [notice] 1#1: signal 3 (SIGQUIT) received, shutting down
2022/02/14 23:39:18 [notice] 33#33: gracefully shutting down
2022/02/14 23:39:18 [notice] 34#34: gracefully shutting down
2022/02/14 23:39:18 [notice] 35#35: gracefully shutting down
2022/02/14 23:39:18 [notice] 38#38: gracefully shutting down
2022/02/14 23:39:18 [notice] 36#36: gracefully shutting down
2022/02/14 23:39:18 [notice] 37#37: gracefully shutting down
2022/02/14 23:39:18 [notice] 39#39: gracefully shutting down
2022/02/14 23:39:18 [notice] 40#40: gracefully shutting down
2022/02/14 23:39:18 [notice] 33#33: exiting
2022/02/14 23:39:18 [notice] 34#34: exiting
2022/02/14 23:39:18 [notice] 35#35: exiting
2022/02/14 23:39:18 [notice] 38#38: exiting
2022/02/14 23:39:18 [notice] 36#36: exiting
2022/02/14 23:39:18 [notice] 37#37: exiting
2022/02/14 23:39:18 [notice] 39#39: exiting
2022/02/14 23:39:18 [notice] 40#40: exiting
2022/02/14 23:39:18 [notice] 33#33: exit
2022/02/14 23:39:18 [notice] 34#34: exit
2022/02/14 23:39:18 [notice] 35#35: exit
2022/02/14 23:39:18 [notice] 38#38: exit
2022/02/14 23:39:18 [notice] 36#36: exit
2022/02/14 23:39:18 [notice] 37#37: exit
2022/02/14 23:39:18 [notice] 39#39: exit
2022/02/14 23:39:18 [notice] 40#40: exit
2022/02/14 23:39:18 [notice] 1#1: signal 17 (SIGCHLD) received from 35
2022/02/14 23:39:18 [notice] 1#1: worker process 35 exited with code 0
2022/02/14 23:39:18 [notice] 1#1: signal 29 (SIGIO) received
2022/02/14 23:39:18 [notice] 1#1: signal 17 (SIGCHLD) received from 36
2022/02/14 23:39:18 [notice] 1#1: worker process 34 exited with code 0
2022/02/14 23:39:18 [notice] 1#1: worker process 36 exited with code 0
2022/02/14 23:39:18 [notice] 1#1: worker process 40 exited with code 0
2022/02/14 23:39:18 [notice] 1#1: signal 29 (SIGIO) received
2022/02/14 23:39:18 [notice] 1#1: signal 17 (SIGCHLD) received from 37
2022/02/14 23:39:18 [notice] 1#1: worker process 37 exited with code 0
2022/02/14 23:39:18 [notice] 1#1: signal 29 (SIGIO) received
2022/02/14 23:39:18 [notice] 1#1: signal 17 (SIGCHLD) received from 33
2022/02/14 23:39:18 [notice] 1#1: worker process 33 exited with code 0
2022/02/14 23:39:18 [notice] 1#1: signal 29 (SIGIO) received
2022/02/14 23:39:18 [notice] 1#1: signal 17 (SIGCHLD) received from 38
2022/02/14 23:39:18 [notice] 1#1: worker process 38 exited with code 0
2022/02/14 23:39:18 [notice] 1#1: worker process 39 exited with code 0
2022/02/14 23:39:18 [notice] 1#1: exit
2022/02/14 23:39:22 [notice] 1#1: using the "epoll" event method
2022/02/14 23:39:22 [notice] 1#1: nginx/1.21.6
2022/02/14 23:39:22 [notice] 1#1: built by gcc 10.3.1 20211027 (Alpine 10.3.1_git20211027) 
2022/02/14 23:39:22 [notice] 1#1: OS: Linux 5.10.60.1-microsoft-standard-WSL2
2022/02/14 23:39:22 [notice] 1#1: getrlimit(RLIMIT_NOFILE): 1048576:1048576
2022/02/14 23:39:22 [notice] 1#1: start worker processes
2022/02/14 23:39:22 [notice] 1#1: start worker process 33
2022/02/14 23:39:22 [notice] 1#1: start worker process 34
2022/02/14 23:39:22 [notice] 1#1: start worker process 35
2022/02/14 23:39:22 [notice] 1#1: start worker process 36
2022/02/14 23:39:22 [notice] 1#1: start worker process 37
2022/02/14 23:39:22 [notice] 1#1: start worker process 38
2022/02/14 23:39:22 [notice] 1#1: start worker process 39
2022/02/14 23:39:22 [notice] 1#1: start worker process 40
2022/02/14 23:39:30 [error] 33#33: *1 open() "/usr/share/nginx/html/index" failed (2: No such file or directory), client: 172.19.0.1, server: localhost, request: "GET /index HTTP/1.1", host: "localhost:8888"
2022/02/14 23:39:30 [error] 33#33: *1 open() "/usr/share/nginx/html/index" failed (2: No such file or directory), client: 172.19.0.1, server: localhost, request: "GET /index HTTP/1.1", host: "localhost:8888"
2022/02/14 23:39:31 [error] 33#33: *1 open() "/usr/share/nginx/html/index" failed (2: No such file or directory), client: 172.19.0.1, server: localhost, request: "GET /index HTTP/1.1", host: "localhost:8888"
2022/02/14 23:39:31 [error] 33#33: *1 open() "/usr/share/nginx/html/index" failed (2: No such file or directory), client: 172.19.0.1, server: localhost, request: "GET /index HTTP/1.1", host: "localhost:8888"
2022/02/14 23:40:46 [notice] 1#1: signal 3 (SIGQUIT) received, shutting down
2022/02/14 23:40:46 [notice] 33#33: gracefully shutting down
2022/02/14 23:40:46 [notice] 34#34: gracefully shutting down
2022/02/14 23:40:46 [notice] 35#35: gracefully shutting down
2022/02/14 23:40:46 [notice] 36#36: gracefully shutting down
2022/02/14 23:40:46 [notice] 37#37: gracefully shutting down
2022/02/14 23:40:46 [notice] 38#38: gracefully shutting down
2022/02/14 23:40:46 [notice] 39#39: gracefully shutting down
2022/02/14 23:40:46 [notice] 40#40: gracefully shutting down
2022/02/14 23:40:46 [notice] 33#33: exiting
2022/02/14 23:40:46 [notice] 34#34: exiting
2022/02/14 23:40:46 [notice] 35#35: exiting
2022/02/14 23:40:46 [notice] 36#36: exiting
2022/02/14 23:40:46 [notice] 37#37: exiting
2022/02/14 23:40:46 [notice] 38#38: exiting
2022/02/14 23:40:46 [notice] 39#39: exiting
2022/02/14 23:40:46 [notice] 40#40: exiting
2022/02/14 23:40:46 [notice] 33#33: exit
2022/02/14 23:40:46 [notice] 34#34: exit
2022/02/14 23:40:46 [notice] 35#35: exit
2022/02/14 23:40:46 [notice] 36#36: exit
2022/02/14 23:40:46 [notice] 37#37: exit
2022/02/14 23:40:46 [notice] 38#38: exit
2022/02/14 23:40:46 [notice] 39#39: exit
2022/02/14 23:40:46 [notice] 40#40: exit
2022/02/14 23:40:46 [notice] 1#1: signal 17 (SIGCHLD) received from 40
2022/02/14 23:40:46 [notice] 1#1: worker process 40 exited with code 0
2022/02/14 23:40:46 [notice] 1#1: signal 29 (SIGIO) received
2022/02/14 23:40:46 [notice] 1#1: signal 17 (SIGCHLD) received from 34
2022/02/14 23:40:46 [notice] 1#1: worker process 33 exited with code 0
2022/02/14 23:40:46 [notice] 1#1: worker process 34 exited with code 0
2022/02/14 23:40:46 [notice] 1#1: worker process 35 exited with code 0
2022/02/14 23:40:46 [notice] 1#1: worker process 36 exited with code 0
2022/02/14 23:40:46 [notice] 1#1: worker process 37 exited with code 0
2022/02/14 23:40:46 [notice] 1#1: worker process 38 exited with code 0
2022/02/14 23:40:46 [notice] 1#1: worker process 39 exited with code 0
2022/02/14 23:40:46 [notice] 1#1: exit
2022/02/14 23:40:49 [notice] 1#1: using the "epoll" event method
2022/02/14 23:40:49 [notice] 1#1: nginx/1.21.6
2022/02/14 23:40:49 [notice] 1#1: built by gcc 10.3.1 20211027 (Alpine 10.3.1_git20211027) 
2022/02/14 23:40:49 [notice] 1#1: OS: Linux 5.10.60.1-microsoft-standard-WSL2
2022/02/14 23:40:49 [notice] 1#1: getrlimit(RLIMIT_NOFILE): 1048576:1048576
2022/02/14 23:40:49 [notice] 1#1: start worker processes
2022/02/14 23:40:49 [notice] 1#1: start worker process 32
2022/02/14 23:40:49 [notice] 1#1: start worker process 33
2022/02/14 23:40:49 [notice] 1#1: start worker process 34
2022/02/14 23:40:49 [notice] 1#1: start worker process 35
2022/02/14 23:40:49 [notice] 1#1: start worker process 36
2022/02/14 23:40:49 [notice] 1#1: start worker process 37
2022/02/14 23:40:49 [notice] 1#1: start worker process 38
2022/02/14 23:40:49 [notice] 1#1: start worker process 39
2022/02/14 23:41:03 [error] 32#32: *1 open() "/usr/share/nginx/html/index" failed (2: No such file or directory), client: 172.19.0.1, server: localhost, request: "GET /index HTTP/1.1", host: "localhost:8888"
2022/02/14 23:41:08 [error] 32#32: *1 open() "/usr/share/nginx/html/login" failed (2: No such file or directory), client: 172.19.0.1, server: localhost, request: "GET /login HTTP/1.1", host: "localhost:8888"
2022/02/14 23:45:35 [notice] 1#1: signal 3 (SIGQUIT) received, shutting down
2022/02/14 23:45:35 [notice] 33#33: gracefully shutting down
2022/02/14 23:45:35 [notice] 32#32: gracefully shutting down
2022/02/14 23:45:35 [notice] 34#34: gracefully shutting down
2022/02/14 23:45:35 [notice] 35#35: gracefully shutting down
2022/02/14 23:45:35 [notice] 36#36: gracefully shutting down
2022/02/14 23:45:35 [notice] 38#38: gracefully shutting down
2022/02/14 23:45:35 [notice] 37#37: gracefully shutting down
2022/02/14 23:45:35 [notice] 39#39: gracefully shutting down
2022/02/14 23:45:35 [notice] 33#33: exiting
2022/02/14 23:45:35 [notice] 32#32: exiting
2022/02/14 23:45:35 [notice] 34#34: exiting
2022/02/14 23:45:35 [notice] 35#35: exiting
2022/02/14 23:45:35 [notice] 36#36: exiting
2022/02/14 23:45:35 [notice] 38#38: exiting
2022/02/14 23:45:35 [notice] 37#37: exiting
2022/02/14 23:45:35 [notice] 39#39: exiting
2022/02/14 23:45:35 [notice] 33#33: exit
2022/02/14 23:45:35 [notice] 32#32: exit
2022/02/14 23:45:35 [notice] 34#34: exit
2022/02/14 23:45:35 [notice] 35#35: exit
2022/02/14 23:45:35 [notice] 36#36: exit
2022/02/14 23:45:35 [notice] 38#38: exit
2022/02/14 23:45:35 [notice] 37#37: exit
2022/02/14 23:45:35 [notice] 39#39: exit
2022/02/14 23:45:35 [notice] 1#1: signal 17 (SIGCHLD) received from 33
2022/02/14 23:45:35 [notice] 1#1: worker process 33 exited with code 0
2022/02/14 23:45:35 [notice] 1#1: signal 29 (SIGIO) received
2022/02/14 23:45:35 [notice] 1#1: signal 17 (SIGCHLD) received from 34
2022/02/14 23:45:35 [notice] 1#1: worker process 34 exited with code 0
2022/02/14 23:45:35 [notice] 1#1: worker process 35 exited with code 0
2022/02/14 23:45:35 [notice] 1#1: worker process 38 exited with code 0
2022/02/14 23:45:35 [notice] 1#1: worker process 39 exited with code 0
2022/02/14 23:45:35 [notice] 1#1: signal 29 (SIGIO) received
2022/02/14 23:45:35 [notice] 1#1: signal 17 (SIGCHLD) received from 32
2022/02/14 23:45:35 [notice] 1#1: worker process 32 exited with code 0
2022/02/14 23:45:35 [notice] 1#1: worker process 37 exited with code 0
2022/02/14 23:45:35 [notice] 1#1: signal 29 (SIGIO) received
2022/02/14 23:45:35 [notice] 1#1: signal 17 (SIGCHLD) received from 37
2022/02/14 23:45:35 [notice] 1#1: signal 17 (SIGCHLD) received from 36
2022/02/14 23:45:35 [notice] 1#1: worker process 36 exited with code 0
2022/02/14 23:45:35 [notice] 1#1: exit
2022/02/14 23:45:38 [notice] 1#1: using the "epoll" event method
2022/02/14 23:45:38 [notice] 1#1: nginx/1.21.6
2022/02/14 23:45:38 [notice] 1#1: built by gcc 10.3.1 20211027 (Alpine 10.3.1_git20211027) 
2022/02/14 23:45:38 [notice] 1#1: OS: Linux 5.10.60.1-microsoft-standard-WSL2
2022/02/14 23:45:38 [notice] 1#1: getrlimit(RLIMIT_NOFILE): 1048576:1048576
2022/02/14 23:45:38 [notice] 1#1: start worker processes
2022/02/14 23:45:38 [notice] 1#1: start worker process 32
2022/02/14 23:45:38 [notice] 1#1: start worker process 33
2022/02/14 23:45:38 [notice] 1#1: start worker process 34
2022/02/14 23:45:38 [notice] 1#1: start worker process 35
2022/02/14 23:45:38 [notice] 1#1: start worker process 36
2022/02/14 23:45:38 [notice] 1#1: start worker process 37
2022/02/14 23:45:38 [notice] 1#1: start worker process 38
2022/02/14 23:45:38 [notice] 1#1: start worker process 39
2022/02/14 23:45:46 [error] 32#32: *1 open() "/usr/share/nginx/html/login" failed (2: No such file or directory), client: 172.19.0.1, server: localhost, request: "GET /login HTTP/1.1", host: "localhost:8888"
2022/02/14 23:45:46 [error] 32#32: *1 open() "/usr/share/nginx/html/favicon.ico" failed (2: No such file or directory), client: 172.19.0.1, server: localhost, request: "GET /favicon.ico HTTP/1.1", host: "localhost:8888", referrer: "http://localhost:8888/login"
